Base path: C:/Program Files/Unity/Editor/Data
Cmd: initializeCompiler
Cmd: preprocess
  insize=3181 outsize=324 ok=1
Cmd: preprocess
  insize=6931 outsize=3267 ok=1
Cmd: compileComputeKernel
  api=4 insize=2023 outsize=1517 ok=1
Cmd: preprocess
  insize=4405 outsize=1085 ok=1
Cmd: preprocess
  insize=11823 outsize=981 ok=1
Cmd: preprocess
  insize=1524 outsize=233 ok=1
Cmd: compileComputeKernel
  api=4 insize=746 outsize=829 ok=1
Cmd: compileComputeKernel
  api=4 insize=7328 outsize=9677 ok=1
Cmd: preprocess
  insize=780 outsize=232 ok=1
Cmd: preprocess
  insize=10149 outsize=320 ok=1
Cmd: preprocess
  insize=1867 outsize=322 ok=1
Cmd: compileComputeKernel
  api=4 insize=4913 outsize=9129 ok=1
Cmd: preprocess
  insize=12931 outsize=2549 ok=1
Cmd: preprocess
  insize=2787 outsize=864 ok=1
Cmd: compileComputeKernel
  api=4 insize=2275 outsize=2561 ok=1
Cmd: preprocess
  insize=6398 outsize=385 ok=1
Cmd: preprocess
  insize=628 outsize=231 ok=1
Cmd: preprocess
  insize=1719 outsize=372 ok=1
Cmd: compileComputeKernel
  api=4 insize=9225 outsize=8529 ok=1
Cmd: preprocess
  insize=3235 outsize=826 ok=1
Cmd: compileComputeKernel
  api=4 insize=5392 outsize=6445 ok=1
Cmd: preprocess
  insize=7036 outsize=422 ok=1
Cmd: preprocess
  insize=5426 outsize=555 ok=1
Cmd: preprocess
  insize=12069 outsize=2430 ok=1
Cmd: compileComputeKernel
  api=4 insize=2645 outsize=353 ok=1
Cmd: compileComputeKernel
  api=4 insize=1759 outsize=1389 ok=1
Cmd: preprocess
  insize=1876 outsize=565 ok=1
Cmd: preprocess
  insize=1610 outsize=236 ok=1
Cmd: preprocess
  insize=3673 outsize=236 ok=1
Cmd: preprocess
  insize=12097 outsize=1047 ok=1
Cmd: preprocess
  insize=2758 outsize=324 ok=1
Cmd: preprocess
  insize=6111 outsize=1315 ok=1
Cmd: preprocess
  insize=1176 outsize=411 ok=1
Cmd: preprocess
  insize=3212 outsize=1435 ok=1
Cmd: preprocess
  insize=3750 outsize=385 ok=1
Cmd: compileComputeKernel
  api=4 insize=1381 outsize=1461 ok=1
Cmd: compileComputeKernel
  api=4 insize=1472 outsize=1013 ok=1
Cmd: preprocess
  insize=4521 outsize=588 ok=1
Cmd: preprocess
  insize=2651 outsize=234 ok=1
Cmd: preprocess
  insize=2070 outsize=770 ok=1
Cmd: preprocess
  insize=1409 outsize=310 ok=1
